INFO:__main__:Service Version: 0.1.0
INFO:__main__:Planning itinerary for Paris, France...
INFO:__main__:Status: success
INFO:__main__:Itinerary ID: itin_user123_1760527126.173288
INFO:__main__:Message: Itinerary successfully created
INFO:__main__:
============================================================
INFO:__main__:Destination: Paris, France
INFO:__main__:Dates: 2025-06-01 to 2025-06-05
INFO:__main__:Total Activities: 24
INFO:__main__:Estimated Cost: $1344.00 USD
INFO:__main__:
Highlights:
INFO:__main__:  • Explore the eerie Catacombs of Paris and uncover its hidden history
INFO:__main__:  • Admire the masterpieces at the Louvre, including the world-famous Mona Lisa
INFO:__main__:  • Savor a delightful picnic in the picturesque Luxembourg Gardens
INFO:__main__:  • Cruise along the Seine River for stunning views of Parisian landmarks
INFO:__main__:  • Experience the vibrant atmosphere of a cabaret show at the iconic Moulin Rouge
INFO:__main__:
Daily Itinerary:
INFO:__main__:
  Day 1 - 2025-06-01T00:00:00
INFO:__main__:  Day 1 in Paris, France
INFO:__main__:    09:00-10:30: Visit the Catacombs of Paris
INFO:__main__:      Location: 1 Avenue du Colonel Henri Rol-Tanguy, 75014 Paris
INFO:__main__:      Cost: $15.00 USD
INFO:__main__:    11:00-14:00: Louvre Museum Tour
INFO:__main__:      Location: Rue de Rivoli, 75001 Paris
INFO:__main__:      Cost: $20.00 USD
INFO:__main__:    14:30-16:30: Picnic at Luxembourg Gardens
INFO:__main__:      Location: Rue de Médicis - Rue de Vaugirard, 75006 Paris
INFO:__main__:      Cost: $20.00 USD
INFO:__main__:    18:00-19:30: Seine River Cruise
INFO:__main__:      Location: Port de la Bourdonnais, 75007 Paris
INFO:__main__:      Cost: $25.00 USD
INFO:__main__:    19:45-21:00: Dinner at a Local Bistro
INFO:__main__:      Location: Various locations
INFO:__main__:      Cost: $30.00 USD
INFO:__main__:
  Day 2 - 2025-06-02T00:00:00
INFO:__main__:  Day 2 in Paris, France
INFO:__main__:    09:00-15:00: Palace of Versailles Day Trip
INFO:__main__:      Location: Place d'Armes, 78000 Versailles
INFO:__main__:      Cost: $35.00 USD
INFO:__main__:    16:00-18:30: Montmartre and Sacré-Cœur Exploration
INFO:__main__:      Location: 35 Rue du Chevalier de la Barre, 75018 Paris
INFO:__main__:      Cost: $0.00 USD
INFO:__main__:    19:00-20:30: Champs-Élysées Stroll
INFO:__main__:      Location: Avenue des Champs-Élysées, 75008 Paris
INFO:__main__:      Cost: $0.00 USD
INFO:__main__:    20:30-21:30: Dinner at a Restaurant on Champs-Élysées
INFO:__main__:      Location: Various locations
INFO:__main__:      Cost: $50.00 USD
INFO:__main__:
  Day 3 - 2025-06-03T00:00:00
INFO:__main__:  Day 3 in Paris, France
INFO:__main__:    09:00-10:30: Visit to Palais Garnier
INFO:__main__:      Location: 8 Rue Scribe, 75009 Paris
INFO:__main__:      Cost: $15.00 USD
INFO:__main__:    11:00-13:00: Explore the Latin Quarter
INFO:__main__:      Location: Latin Quarter, 75005 Paris
INFO:__main__:      Cost: $0.00 USD
INFO:__main__:    14:00-17:00: French Cuisine Cooking Class
INFO:__main__:      Location: Various locations available
INFO:__main__:      Cost: $100.00 USD
INFO:__main__:    17:30-18:30: Visit Sainte-Chapelle
INFO:__main__:      Location: 8 Boulevard du Palais, 75001 Paris
INFO:__main__:      Cost: $12.00 USD
INFO:__main__:    19:00-21:00: Wine and Cheese Tasting
INFO:__main__:      Location: Various wine bars in Paris
INFO:__main__:      Cost: $40.00 USD
INFO:__main__:
  Day 4 - 2025-06-04T00:00:00
INFO:__main__:  Day 4 in Paris, France
INFO:__main__:    09:00-11:00: Eiffel Tower Visit
INFO:__main__:      Location: Champ de Mars, 5 Avenue Anatole France, 75007 Paris
INFO:__main__:      Cost: $30.00 USD
INFO:__main__:    11:30-13:30: Musée d'Orsay Visit
INFO:__main__:      Location: 1 Rue de la Légion d'Honneur, 75007 Paris
INFO:__main__:      Cost: $15.00 USD
INFO:__main__:    13:30-14:30: Lunch at a Café near Musée d'Orsay
INFO:__main__:      Location: Various locations
INFO:__main__:      Cost: $25.00 USD
INFO:__main__:    15:00-16:30: Notre-Dame Cathedral Visit
INFO:__main__:      Location: 6 Parvis Notre-Dame - Pl. Jean-Paul II, 75004 Paris
INFO:__main__:      Cost: $0.00 USD
INFO:__main__:    18:00-20:00: Attend a Cabaret Show at Moulin Rouge
INFO:__main__:      Location: 82 Boulevard de Clichy, 75018 Paris
INFO:__main__:      Cost: $100.00 USD
INFO:__main__:
  Day 5 - 2025-06-05T00:00:00
INFO:__main__:  Day 5 in Paris, France
INFO:__main__:    09:30-12:30: Food Tour in Le Marais
INFO:__main__:      Location: Le Marais district
INFO:__main__:      Cost: $75.00 USD
INFO:__main__:    13:00-15:00: Shopping in Le Marais
INFO:__main__:      Location: Le Marais district
INFO:__main__:      Cost: $0.00 USD
INFO:__main__:    15:00-16:00: Lunch at a Bistro in Le Marais
INFO:__main__:      Location: Various locations
INFO:__main__:      Cost: $25.00 USD
INFO:__main__:    16:30-18:30: Explore the Canal Saint-Martin
INFO:__main__:      Location: Canal Saint-Martin, 75010 Paris
INFO:__main__:      Cost: $0.00 USD
INFO:__main__:    19:00-21:00: Dinner at a Restaurant near Canal Saint-Martin
INFO:__main__:      Location: Various locations
INFO:__main__:      Cost: $40.00 USD
INFO:__main__:
============================================================